<?xml version="1.0" encoding="UTF-8"?>
<!-- Generated by org.testng.reporters.JUnitReportReporter -->
<testsuite hostname="DESKTOP-6E68LNE" failures="0" tests="7" name="codenboxautomation.mypractice" time="4.159" errors="0" timestamp="2025-01-25T17:07:44 EET" skipped="6">
  <testcase classname="codenboxautomation.mypractice" name="Switch_Tab_Example" time="4.159"/>
  <system-out/>
  <testcase classname="codenboxautomation.mypractice" name="Static_Dropdown_Example">
    <skipped/>
  </testcase> <!-- Static_Dropdown_Example -->
  <system-out/>
  <testcase classname="codenboxautomation.mypractice" name="Dynamic_Dropdown_Example">
    <skipped/>
  </testcase> <!-- Dynamic_Dropdown_Example -->
  <system-out/>
  <testcase classname="codenboxautomation.mypractice" name="Switch_Window_Example">
    <skipped/>
  </testcase> <!-- Switch_Window_Example -->
  <system-out/>
  <testcase classname="codenboxautomation.mypractice" name="Checkbox_Example">
    <skipped/>
  </testcase> <!-- Checkbox_Example -->
  <system-out/>
  <testcase classname="codenboxautomation.mypractice" name="Radio_Button_Example">
    <skipped/>
  </testcase> <!-- Radio_Button_Example -->
  <system-out/>
  <testcase classname="codenboxautomation.mypractice" name="SwitchToAlertExample">
    <skipped/>
  </testcase> <!-- SwitchToAlertExample -->
  <system-out/>
</testsuite> <!-- codenboxautomation.mypractice -->
